<?xml version="1.0" encoding="UTF-8"?>
<!-- Generated by org.testng.reporters.JUnitReportReporter -->
<testsuite name="com.jbk.test.UsefulLinkTest" tests="1" time="2.516" ignored="0" failures="0" timestamp="02 Nov 2021 10:18:44 GMT" skipped="0" hostname="MSI" errors="0">
  <testcase name="verifyHeader" time="2.516" classname="com.jbk.test.UsefulLinkTest"/>
</testsuite> <!-- com.jbk.test.UsefulLinkTest -->
