<?xml version="1.0" encoding="UTF-8"?>
<!-- Generated by org.testng.reporters.JUnitReportReporter -->
<testsuite name="com.jbk.test.LoginTest" tests="1" time="2.910" ignored="5" failures="0" timestamp="02 Nov 2021 10:40:52 GMT" skipped="0" hostname="MSI" errors="0">
  <testcase name="checkLogo" time="2.910" classname="com.jbk.test.LoginTest"/>
  <testcase name="verifyRegistrationLink" classname="com.jbk.test.LoginTest">
    <skipped/>
  </testcase> <!-- verifyRegistrationLink -->
  <testcase name="invalidEmail" classname="com.jbk.test.LoginTest">
    <skipped/>
  </testcase> <!-- invalidEmail -->
  <testcase name="verifyTitle" classname="com.jbk.test.LoginTest">
    <skipped/>
  </testcase> <!-- verifyTitle -->
  <testcase name="verifyTextOnLink2" classname="com.jbk.test.LoginTest">
    <skipped/>
  </testcase> <!-- verifyTextOnLink2 -->
  <testcase name="verifyText1" classname="com.jbk.test.LoginTest">
    <skipped/>
  </testcase> <!-- verifyText1 -->
</testsuite> <!-- com.jbk.test.LoginTest -->
