<?xml version="1.0" encoding="UTF-8"?>
<!-- Generated by org.testng.reporters.JUnitReportReporter -->
<testsuite name="com.jbk.test.UserTest" tests="4" time="17.217" ignored="0" failures="0" timestamp="02 Nov 2021 10:18:44 GMT" skipped="0" hostname="MSI" errors="0">
  <testcase name="checkContext" time="2.585" classname="com.jbk.test.UserTest"/>
  <testcase name="deletUser2" time="4.402" classname="com.jbk.test.UserTest"/>
  <testcase name="verifyUserForm" time="5.379" classname="com.jbk.test.UserTest"/>
  <testcase name="deletUser1" time="4.851" classname="com.jbk.test.UserTest"/>
</testsuite> <!-- com.jbk.test.UserTest -->
