<?xml version="1.0" encoding="UTF-8"?>
<!-- Generated by org.testng.reporters.JUnitReportReporter -->
<testsuite name="com.utility.ExcelUtility" tests="1" time="0.159" ignored="0" failures="0" timestamp="29 Oct 2021 16:24:05 GMT" skipped="0" hostname="MSI" errors="0">
  <testcase name="test" time="0.159" classname="com.utility.ExcelUtility"/>
</testsuite> <!-- com.utility.ExcelUtility -->
