<?xml version="1.0" encoding="UTF-8"?>
<!-- Generated by org.testng.reporters.JUnitReportReporter -->
<testsuite name="com.jbk.test.DashboardTest" tests="1" time="0.135" ignored="6" failures="0" timestamp="13 Nov 2021 09:23:29 GMT" skipped="0" hostname="MSI" errors="0">
  <testcase name="verifySubCourses" time="0.135" classname="com.jbk.test.DashboardTest"/>
  <testcase name="verifyUsersLink" classname="com.jbk.test.DashboardTest">
    <skipped/>
  </testcase> <!-- verifyUsersLink -->
  <testcase name="verifyCourses" classname="com.jbk.test.DashboardTest">
    <skipped/>
  </testcase> <!-- verifyCourses -->
  <testcase name="verifyFooter" classname="com.jbk.test.DashboardTest">
    <skipped/>
  </testcase> <!-- verifyFooter -->
  <testcase name="verifyOperatorsLink" classname="com.jbk.test.DashboardTest">
    <skipped/>
  </testcase> <!-- verifyOperatorsLink -->
  <testcase name="verifyDownloadsLink" classname="com.jbk.test.DashboardTest">
    <skipped/>
  </testcase> <!-- verifyDownloadsLink -->
  <testcase name="verifyUsefulLink" classname="com.jbk.test.DashboardTest">
    <skipped/>
  </testcase> <!-- verifyUsefulLink -->
</testsuite> <!-- com.jbk.test.DashboardTest -->
